{"/home/jose/repos/todo-app/src/modules/itemClass.js": {"path":"/home/jose/repos/todo-app/src/modules/itemClass.js","statementMap":{"0":{"start":{"line":3,"column":4},"end":{"line":3,"column":26}},"1":{"start":{"line":4,"column":4},"end":{"line":4,"column":27}},"2":{"start":{"line":5,"column":4},"end":{"line":5,"column":19}}},"fnMap":{"0":{"name":"(anonymous_0)","decl":{"start":{"line":2,"column":2},"end":{"line":2,"column":3}},"loc":{"start":{"line":2,"column":16},"end":{"line":6,"column":3}},"line":2}},"branchMap":{},"s":{"0":1,"1":1,"2":1},"f":{"0":1},"b":{},"_coverageSchema":"1a1c01bbd47fc00a2c39e90264f33305004495a9","hash":"3cdb2d227a75ff828134932f16d532e53db3dd83"}
,"/home/jose/repos/todo-app/src/modules/todosListClass.js": {"path":"/home/jose/repos/todo-app/src/modules/todosListClass.js","statementMap":{"0":{"start":{"line":3,"column":4},"end":{"line":3,"column":19}},"1":{"start":{"line":7,"column":4},"end":{"line":9,"column":5}},"2":{"start":{"line":8,"column":6},"end":{"line":8,"column":52}},"3":{"start":{"line":13,"column":4},"end":{"line":15,"column":5}},"4":{"start":{"line":13,"column":17},"end":{"line":13,"column":18}},"5":{"start":{"line":14,"column":6},"end":{"line":14,"column":33}},"6":{"start":{"line":16,"column":23},"end":{"line":16,"column":48}},"7":{"start":{"line":17,"column":4},"end":{"line":17,"column":49}},"8":{"start":{"line":18,"column":4},"end":{"line":18,"column":22}},"9":{"start":{"line":22,"column":4},"end":{"line":51,"column":5}},"10":{"start":{"line":22,"column":17},"end":{"line":22,"column":18}},"11":{"start":{"line":23,"column":23},"end":{"line":23,"column":54}},"12":{"start":{"line":24,"column":6},"end":{"line":24,"column":33}},"13":{"start":{"line":25,"column":6},"end":{"line":25,"column":32}},"14":{"start":{"line":26,"column":19},"end":{"line":26,"column":48}},"15":{"start":{"line":27,"column":6},"end":{"line":27,"column":27}},"16":{"start":{"line":28,"column":19},"end":{"line":28,"column":50}},"17":{"start":{"line":29,"column":6},"end":{"line":29,"column":25}},"18":{"start":{"line":30,"column":6},"end":{"line":30,"column":30}},"19":{"start":{"line":31,"column":6},"end":{"line":31,"column":43}},"20":{"start":{"line":32,"column":6},"end":{"line":32,"column":27}},"21":{"start":{"line":33,"column":6},"end":{"line":33,"column":44}},"22":{"start":{"line":34,"column":6},"end":{"line":34,"column":36}},"23":{"start":{"line":35,"column":6},"end":{"line":35,"column":28}},"24":{"start":{"line":36,"column":6},"end":{"line":36,"column":24}},"25":{"start":{"line":37,"column":18},"end":{"line":37,"column":65}},"26":{"start":{"line":38,"column":19},"end":{"line":38,"column":46}},"27":{"start":{"line":39,"column":6},"end":{"line":39,"column":27}},"28":{"start":{"line":40,"column":6},"end":{"line":40,"column":27}},"29":{"start":{"line":41,"column":6},"end":{"line":41,"column":24}},"30":{"start":{"line":42,"column":19},"end":{"line":42,"column":50}},"31":{"start":{"line":43,"column":23},"end":{"line":43,"column":50}},"32":{"start":{"line":44,"column":6},"end":{"line":44,"column":36}},"33":{"start":{"line":45,"column":6},"end":{"line":45,"column":32}},"34":{"start":{"line":46,"column":6},"end":{"line":46,"column":32}},"35":{"start":{"line":47,"column":6},"end":{"line":47,"column":39}},"36":{"start":{"line":48,"column":6},"end":{"line":48,"column":28}},"37":{"start":{"line":49,"column":19},"end":{"line":49,"column":54}},"38":{"start":{"line":50,"column":6},"end":{"line":50,"column":24}},"39":{"start":{"line":55,"column":23},"end":{"line":55,"column":62}},"40":{"start":{"line":56,"column":4},"end":{"line":61,"column":5}},"41":{"start":{"line":56,"column":17},"end":{"line":56,"column":18}},"42":{"start":{"line":57,"column":6},"end":{"line":60,"column":9}},"43":{"start":{"line":58,"column":8},"end":{"line":58,"column":72}},"44":{"start":{"line":59,"column":8},"end":{"line":59,"column":68}},"45":{"start":{"line":65,"column":21},"end":{"line":65,"column":60}},"46":{"start":{"line":66,"column":4},"end":{"line":71,"column":5}},"47":{"start":{"line":66,"column":17},"end":{"line":66,"column":18}},"48":{"start":{"line":67,"column":6},"end":{"line":70,"column":9}},"49":{"start":{"line":68,"column":8},"end":{"line":68,"column":69}},"50":{"start":{"line":69,"column":8},"end":{"line":69,"column":71}},"51":{"start":{"line":75,"column":18},"end":{"line":75,"column":59}},"52":{"start":{"line":76,"column":4},"end":{"line":87,"column":5}},"53":{"start":{"line":76,"column":17},"end":{"line":76,"column":18}},"54":{"start":{"line":77,"column":28},"end":{"line":77,"column":54}},"55":{"start":{"line":78,"column":26},"end":{"line":78,"column":61}},"56":{"start":{"line":79,"column":6},"end":{"line":86,"column":9}},"57":{"start":{"line":80,"column":25},"end":{"line":80,"column":87}},"58":{"start":{"line":80,"column":53},"end":{"line":80,"column":86}},"59":{"start":{"line":81,"column":27},"end":{"line":81,"column":51}},"60":{"start":{"line":82,"column":8},"end":{"line":82,"column":53}},"61":{"start":{"line":83,"column":8},"end":{"line":83,"column":26}},"62":{"start":{"line":84,"column":8},"end":{"line":84,"column":29}},"63":{"start":{"line":85,"column":8},"end":{"line":85,"column":27}},"64":{"start":{"line":91,"column":18},"end":{"line":91,"column":57}},"65":{"start":{"line":92,"column":4},"end":{"line":99,"column":5}},"66":{"start":{"line":92,"column":17},"end":{"line":92,"column":18}},"67":{"start":{"line":93,"column":6},"end":{"line":98,"column":9}},"68":{"start":{"line":94,"column":8},"end":{"line":94,"column":50}},"69":{"start":{"line":95,"column":27},"end":{"line":95,"column":52}},"70":{"start":{"line":96,"column":8},"end":{"line":96,"column":53}},"71":{"start":{"line":97,"column":8},"end":{"line":97,"column":26}},"72":{"start":{"line":103,"column":4},"end":{"line":121,"column":5}},"73":{"start":{"line":103,"column":17},"end":{"line":103,"column":18}},"74":{"start":{"line":104,"column":6},"end":{"line":120,"column":9}},"75":{"start":{"line":105,"column":8},"end":{"line":119,"column":9}},"76":{"start":{"line":106,"column":10},"end":{"line":106,"column":40}},"77":{"start":{"line":107,"column":29},"end":{"line":107,"column":54}},"78":{"start":{"line":108,"column":10},"end":{"line":108,"column":55}},"79":{"start":{"line":109,"column":10},"end":{"line":109,"column":28}},"80":{"start":{"line":110,"column":23},"end":{"line":110,"column":58}},"81":{"start":{"line":111,"column":10},"end":{"line":111,"column":53}},"82":{"start":{"line":112,"column":15},"end":{"line":119,"column":9}},"83":{"start":{"line":113,"column":10},"end":{"line":113,"column":41}},"84":{"start":{"line":114,"column":29},"end":{"line":114,"column":54}},"85":{"start":{"line":115,"column":10},"end":{"line":115,"column":55}},"86":{"start":{"line":116,"column":10},"end":{"line":116,"column":28}},"87":{"start":{"line":117,"column":23},"end":{"line":117,"column":58}},"88":{"start":{"line":118,"column":10},"end":{"line":118,"column":45}},"89":{"start":{"line":125,"column":4},"end":{"line":136,"column":7}},"90":{"start":{"line":126,"column":23},"end":{"line":126,"column":77}},"91":{"start":{"line":126,"column":51},"end":{"line":126,"column":76}},"92":{"start":{"line":127,"column":25},"end":{"line":127,"column":49}},"93":{"start":{"line":128,"column":6},"end":{"line":131,"column":7}},"94":{"start":{"line":128,"column":19},"end":{"line":128,"column":20}},"95":{"start":{"line":129,"column":27},"end":{"line":129,"column":62}},"96":{"start":{"line":130,"column":8},"end":{"line":130,"column":28}},"97":{"start":{"line":132,"column":6},"end":{"line":132,"column":51}},"98":{"start":{"line":133,"column":6},"end":{"line":133,"column":24}},"99":{"start":{"line":134,"column":6},"end":{"line":134,"column":25}},"100":{"start":{"line":135,"column":6},"end":{"line":135,"column":23}}},"fnMap":{"0":{"name":"(anonymous_0)","decl":{"start":{"line":2,"column":2},"end":{"line":2,"column":3}},"loc":{"start":{"line":2,"column":16},"end":{"line":4,"column":3}},"line":2},"1":{"name":"(anonymous_1)","decl":{"start":{"line":6,"column":2},"end":{"line":6,"column":3}},"loc":{"start":{"line":6,"column":15},"end":{"line":10,"column":3}},"line":6},"2":{"name":"(anonymous_2)","decl":{"start":{"line":12,"column":2},"end":{"line":12,"column":3}},"loc":{"start":{"line":12,"column":16},"end":{"line":19,"column":3}},"line":12},"3":{"name":"(anonymous_3)","decl":{"start":{"line":21,"column":2},"end":{"line":21,"column":3}},"loc":{"start":{"line":21,"column":14},"end":{"line":52,"column":3}},"line":21},"4":{"name":"(anonymous_4)","decl":{"start":{"line":54,"column":2},"end":{"line":54,"column":3}},"loc":{"start":{"line":54,"column":22},"end":{"line":62,"column":3}},"line":54},"5":{"name":"(anonymous_5)","decl":{"start":{"line":57,"column":50},"end":{"line":57,"column":51}},"loc":{"start":{"line":57,"column":56},"end":{"line":60,"column":7}},"line":57},"6":{"name":"(anonymous_6)","decl":{"start":{"line":64,"column":2},"end":{"line":64,"column":3}},"loc":{"start":{"line":64,"column":19},"end":{"line":72,"column":3}},"line":64},"7":{"name":"(anonymous_7)","decl":{"start":{"line":67,"column":47},"end":{"line":67,"column":48}},"loc":{"start":{"line":67,"column":53},"end":{"line":70,"column":7}},"line":67},"8":{"name":"(anonymous_8)","decl":{"start":{"line":74,"column":2},"end":{"line":74,"column":3}},"loc":{"start":{"line":74,"column":15},"end":{"line":88,"column":3}},"line":74},"9":{"name":"(anonymous_9)","decl":{"start":{"line":79,"column":41},"end":{"line":79,"column":42}},"loc":{"start":{"line":79,"column":47},"end":{"line":86,"column":7}},"line":79},"10":{"name":"(anonymous_10)","decl":{"start":{"line":80,"column":42},"end":{"line":80,"column":43}},"loc":{"start":{"line":80,"column":53},"end":{"line":80,"column":86}},"line":80},"11":{"name":"(anonymous_11)","decl":{"start":{"line":90,"column":2},"end":{"line":90,"column":3}},"loc":{"start":{"line":90,"column":15},"end":{"line":100,"column":3}},"line":90},"12":{"name":"(anonymous_12)","decl":{"start":{"line":93,"column":42},"end":{"line":93,"column":43}},"loc":{"start":{"line":93,"column":48},"end":{"line":98,"column":7}},"line":93},"13":{"name":"(anonymous_13)","decl":{"start":{"line":102,"column":2},"end":{"line":102,"column":3}},"loc":{"start":{"line":102,"column":31},"end":{"line":122,"column":3}},"line":102},"14":{"name":"(anonymous_14)","decl":{"start":{"line":104,"column":70},"end":{"line":104,"column":71}},"loc":{"start":{"line":104,"column":76},"end":{"line":120,"column":7}},"line":104},"15":{"name":"(anonymous_15)","decl":{"start":{"line":124,"column":2},"end":{"line":124,"column":3}},"loc":{"start":{"line":124,"column":19},"end":{"line":137,"column":3}},"line":124},"16":{"name":"(anonymous_16)","decl":{"start":{"line":125,"column":64},"end":{"line":125,"column":65}},"loc":{"start":{"line":125,"column":70},"end":{"line":136,"column":5}},"line":125},"17":{"name":"(anonymous_17)","decl":{"start":{"line":126,"column":40},"end":{"line":126,"column":41}},"loc":{"start":{"line":126,"column":51},"end":{"line":126,"column":76}},"line":126}},"branchMap":{"0":{"loc":{"start":{"line":7,"column":4},"end":{"line":9,"column":5}},"type":"if","locations":[{"start":{"line":7,"column":4},"end":{"line":9,"column":5}},{"start":{},"end":{}}],"line":7},"1":{"loc":{"start":{"line":105,"column":8},"end":{"line":119,"column":9}},"type":"if","locations":[{"start":{"line":105,"column":8},"end":{"line":119,"column":9}},{"start":{"line":112,"column":15},"end":{"line":119,"column":9}}],"line":105},"2":{"loc":{"start":{"line":112,"column":15},"end":{"line":119,"column":9}},"type":"if","locations":[{"start":{"line":112,"column":15},"end":{"line":119,"column":9}},{"start":{},"end":{}}],"line":112}},"s":{"0":2,"1":7,"2":7,"3":3,"4":3,"5":1,"6":3,"7":3,"8":3,"9":2,"10":2,"11":5,"12":5,"13":5,"14":5,"15":5,"16":5,"17":5,"18":5,"19":5,"20":5,"21":5,"22":5,"23":5,"24":5,"25":5,"26":5,"27":5,"28":5,"29":5,"30":5,"31":5,"32":5,"33":5,"34":5,"35":5,"36":5,"37":5,"38":5,"39":0,"40":0,"41":0,"42":0,"43":0,"44":0,"45":0,"46":0,"47":0,"48":0,"49":0,"50":0,"51":3,"52":3,"53":3,"54":3,"55":3,"56":3,"57":3,"58":3,"59":3,"60":3,"61":3,"62":3,"63":3,"64":0,"65":0,"66":0,"67":0,"68":0,"69":0,"70":0,"71":0,"72":0,"73":0,"74":0,"75":0,"76":0,"77":0,"78":0,"79":0,"80":0,"81":0,"82":0,"83":0,"84":0,"85":0,"86":0,"87":0,"88":0,"89":0,"90":0,"91":0,"92":0,"93":0,"94":0,"95":0,"96":0,"97":0,"98":0,"99":0,"100":0},"f":{"0":2,"1":7,"2":3,"3":2,"4":0,"5":0,"6":0,"7":0,"8":3,"9":3,"10":3,"11":0,"12":0,"13":0,"14":0,"15":0,"16":0,"17":0},"b":{"0":[7,0],"1":[0,0],"2":[0,0]},"_coverageSchema":"1a1c01bbd47fc00a2c39e90264f33305004495a9","hash":"6f34ae41f2b98bf07183344f79038a2ef51a6c6e"}
}
