{"/home/jose/repos/todo-app/src/modules/itemClass.js": {"path":"/home/jose/repos/todo-app/src/modules/itemClass.js","statementMap":{"0":{"start":{"line":3,"column":4},"end":{"line":3,"column":26}},"1":{"start":{"line":4,"column":4},"end":{"line":4,"column":27}},"2":{"start":{"line":5,"column":4},"end":{"line":5,"column":19}}},"fnMap":{"0":{"name":"(anonymous_0)","decl":{"start":{"line":2,"column":2},"end":{"line":2,"column":3}},"loc":{"start":{"line":2,"column":16},"end":{"line":6,"column":3}},"line":2}},"branchMap":{},"s":{"0":1,"1":1,"2":1},"f":{"0":1},"b":{},"_coverageSchema":"1a1c01bbd47fc00a2c39e90264f33305004495a9","hash":"3cdb2d227a75ff828134932f16d532e53db3dd83"}
,"/home/jose/repos/todo-app/src/modules/todosListClass.js": {"path":"/home/jose/repos/todo-app/src/modules/todosListClass.js","statementMap":{"0":{"start":{"line":3,"column":4},"end":{"line":3,"column":19}},"1":{"start":{"line":7,"column":4},"end":{"line":9,"column":5}},"2":{"start":{"line":8,"column":6},"end":{"line":8,"column":52}},"3":{"start":{"line":13,"column":4},"end":{"line":18,"column":5}},"4":{"start":{"line":13,"column":17},"end":{"line":13,"column":18}},"5":{"start":{"line":14,"column":6},"end":{"line":14,"column":33}},"6":{"start":{"line":15,"column":25},"end":{"line":15,"column":50}},"7":{"start":{"line":16,"column":6},"end":{"line":16,"column":51}},"8":{"start":{"line":17,"column":6},"end":{"line":17,"column":24}},"9":{"start":{"line":22,"column":4},"end":{"line":49,"column":5}},"10":{"start":{"line":22,"column":17},"end":{"line":22,"column":18}},"11":{"start":{"line":23,"column":23},"end":{"line":23,"column":54}},"12":{"start":{"line":24,"column":6},"end":{"line":24,"column":33}},"13":{"start":{"line":25,"column":6},"end":{"line":25,"column":32}},"14":{"start":{"line":26,"column":19},"end":{"line":26,"column":48}},"15":{"start":{"line":27,"column":6},"end":{"line":27,"column":27}},"16":{"start":{"line":28,"column":19},"end":{"line":28,"column":50}},"17":{"start":{"line":29,"column":6},"end":{"line":29,"column":30}},"18":{"start":{"line":30,"column":6},"end":{"line":30,"column":27}},"19":{"start":{"line":31,"column":6},"end":{"line":31,"column":44}},"20":{"start":{"line":32,"column":6},"end":{"line":32,"column":36}},"21":{"start":{"line":33,"column":6},"end":{"line":33,"column":28}},"22":{"start":{"line":34,"column":6},"end":{"line":34,"column":24}},"23":{"start":{"line":35,"column":18},"end":{"line":35,"column":65}},"24":{"start":{"line":36,"column":19},"end":{"line":36,"column":46}},"25":{"start":{"line":37,"column":6},"end":{"line":37,"column":27}},"26":{"start":{"line":38,"column":6},"end":{"line":38,"column":27}},"27":{"start":{"line":39,"column":6},"end":{"line":39,"column":24}},"28":{"start":{"line":40,"column":19},"end":{"line":40,"column":50}},"29":{"start":{"line":41,"column":23},"end":{"line":41,"column":50}},"30":{"start":{"line":42,"column":6},"end":{"line":42,"column":36}},"31":{"start":{"line":43,"column":6},"end":{"line":43,"column":32}},"32":{"start":{"line":44,"column":6},"end":{"line":44,"column":32}},"33":{"start":{"line":45,"column":6},"end":{"line":45,"column":39}},"34":{"start":{"line":46,"column":6},"end":{"line":46,"column":28}},"35":{"start":{"line":47,"column":19},"end":{"line":47,"column":54}},"36":{"start":{"line":48,"column":6},"end":{"line":48,"column":24}},"37":{"start":{"line":53,"column":23},"end":{"line":53,"column":62}},"38":{"start":{"line":54,"column":4},"end":{"line":59,"column":5}},"39":{"start":{"line":54,"column":17},"end":{"line":54,"column":18}},"40":{"start":{"line":55,"column":6},"end":{"line":58,"column":9}},"41":{"start":{"line":56,"column":8},"end":{"line":56,"column":72}},"42":{"start":{"line":57,"column":8},"end":{"line":57,"column":68}},"43":{"start":{"line":63,"column":21},"end":{"line":63,"column":60}},"44":{"start":{"line":64,"column":4},"end":{"line":69,"column":5}},"45":{"start":{"line":64,"column":17},"end":{"line":64,"column":18}},"46":{"start":{"line":65,"column":6},"end":{"line":68,"column":9}},"47":{"start":{"line":66,"column":8},"end":{"line":66,"column":69}},"48":{"start":{"line":67,"column":8},"end":{"line":67,"column":71}},"49":{"start":{"line":73,"column":18},"end":{"line":73,"column":59}},"50":{"start":{"line":74,"column":4},"end":{"line":85,"column":5}},"51":{"start":{"line":74,"column":17},"end":{"line":74,"column":18}},"52":{"start":{"line":75,"column":28},"end":{"line":75,"column":54}},"53":{"start":{"line":76,"column":26},"end":{"line":76,"column":61}},"54":{"start":{"line":77,"column":6},"end":{"line":84,"column":9}},"55":{"start":{"line":78,"column":25},"end":{"line":78,"column":87}},"56":{"start":{"line":78,"column":53},"end":{"line":78,"column":86}},"57":{"start":{"line":79,"column":27},"end":{"line":79,"column":51}},"58":{"start":{"line":80,"column":8},"end":{"line":80,"column":53}},"59":{"start":{"line":81,"column":8},"end":{"line":81,"column":26}},"60":{"start":{"line":82,"column":8},"end":{"line":82,"column":29}},"61":{"start":{"line":83,"column":8},"end":{"line":83,"column":27}},"62":{"start":{"line":89,"column":18},"end":{"line":89,"column":57}},"63":{"start":{"line":90,"column":4},"end":{"line":97,"column":5}},"64":{"start":{"line":90,"column":17},"end":{"line":90,"column":18}},"65":{"start":{"line":91,"column":6},"end":{"line":96,"column":9}},"66":{"start":{"line":92,"column":8},"end":{"line":92,"column":50}},"67":{"start":{"line":93,"column":27},"end":{"line":93,"column":52}},"68":{"start":{"line":94,"column":8},"end":{"line":94,"column":53}},"69":{"start":{"line":95,"column":8},"end":{"line":95,"column":26}},"70":{"start":{"line":101,"column":4},"end":{"line":119,"column":5}},"71":{"start":{"line":101,"column":17},"end":{"line":101,"column":18}},"72":{"start":{"line":102,"column":6},"end":{"line":118,"column":9}},"73":{"start":{"line":103,"column":8},"end":{"line":117,"column":9}},"74":{"start":{"line":104,"column":10},"end":{"line":104,"column":40}},"75":{"start":{"line":105,"column":29},"end":{"line":105,"column":54}},"76":{"start":{"line":106,"column":10},"end":{"line":106,"column":55}},"77":{"start":{"line":107,"column":10},"end":{"line":107,"column":28}},"78":{"start":{"line":108,"column":23},"end":{"line":108,"column":58}},"79":{"start":{"line":109,"column":10},"end":{"line":109,"column":53}},"80":{"start":{"line":110,"column":15},"end":{"line":117,"column":9}},"81":{"start":{"line":111,"column":10},"end":{"line":111,"column":41}},"82":{"start":{"line":112,"column":29},"end":{"line":112,"column":54}},"83":{"start":{"line":113,"column":10},"end":{"line":113,"column":55}},"84":{"start":{"line":114,"column":10},"end":{"line":114,"column":28}},"85":{"start":{"line":115,"column":23},"end":{"line":115,"column":58}},"86":{"start":{"line":116,"column":10},"end":{"line":116,"column":45}},"87":{"start":{"line":123,"column":4},"end":{"line":134,"column":7}},"88":{"start":{"line":124,"column":23},"end":{"line":124,"column":77}},"89":{"start":{"line":124,"column":51},"end":{"line":124,"column":76}},"90":{"start":{"line":125,"column":25},"end":{"line":125,"column":49}},"91":{"start":{"line":126,"column":6},"end":{"line":129,"column":7}},"92":{"start":{"line":126,"column":19},"end":{"line":126,"column":20}},"93":{"start":{"line":127,"column":27},"end":{"line":127,"column":62}},"94":{"start":{"line":128,"column":8},"end":{"line":128,"column":28}},"95":{"start":{"line":130,"column":6},"end":{"line":130,"column":51}},"96":{"start":{"line":131,"column":6},"end":{"line":131,"column":24}},"97":{"start":{"line":131,"column":25},"end":{"line":131,"column":26}},"98":{"start":{"line":132,"column":6},"end":{"line":132,"column":25}},"99":{"start":{"line":133,"column":6},"end":{"line":133,"column":23}}},"fnMap":{"0":{"name":"(anonymous_0)","decl":{"start":{"line":2,"column":2},"end":{"line":2,"column":3}},"loc":{"start":{"line":2,"column":16},"end":{"line":4,"column":3}},"line":2},"1":{"name":"(anonymous_1)","decl":{"start":{"line":6,"column":2},"end":{"line":6,"column":3}},"loc":{"start":{"line":6,"column":15},"end":{"line":10,"column":3}},"line":6},"2":{"name":"(anonymous_2)","decl":{"start":{"line":12,"column":2},"end":{"line":12,"column":3}},"loc":{"start":{"line":12,"column":16},"end":{"line":19,"column":3}},"line":12},"3":{"name":"(anonymous_3)","decl":{"start":{"line":21,"column":2},"end":{"line":21,"column":3}},"loc":{"start":{"line":21,"column":14},"end":{"line":50,"column":3}},"line":21},"4":{"name":"(anonymous_4)","decl":{"start":{"line":52,"column":2},"end":{"line":52,"column":3}},"loc":{"start":{"line":52,"column":22},"end":{"line":60,"column":3}},"line":52},"5":{"name":"(anonymous_5)","decl":{"start":{"line":55,"column":50},"end":{"line":55,"column":51}},"loc":{"start":{"line":55,"column":56},"end":{"line":58,"column":7}},"line":55},"6":{"name":"(anonymous_6)","decl":{"start":{"line":62,"column":2},"end":{"line":62,"column":3}},"loc":{"start":{"line":62,"column":19},"end":{"line":70,"column":3}},"line":62},"7":{"name":"(anonymous_7)","decl":{"start":{"line":65,"column":47},"end":{"line":65,"column":48}},"loc":{"start":{"line":65,"column":53},"end":{"line":68,"column":7}},"line":65},"8":{"name":"(anonymous_8)","decl":{"start":{"line":72,"column":2},"end":{"line":72,"column":3}},"loc":{"start":{"line":72,"column":15},"end":{"line":86,"column":3}},"line":72},"9":{"name":"(anonymous_9)","decl":{"start":{"line":77,"column":41},"end":{"line":77,"column":42}},"loc":{"start":{"line":77,"column":47},"end":{"line":84,"column":7}},"line":77},"10":{"name":"(anonymous_10)","decl":{"start":{"line":78,"column":42},"end":{"line":78,"column":43}},"loc":{"start":{"line":78,"column":53},"end":{"line":78,"column":86}},"line":78},"11":{"name":"(anonymous_11)","decl":{"start":{"line":88,"column":2},"end":{"line":88,"column":3}},"loc":{"start":{"line":88,"column":15},"end":{"line":98,"column":3}},"line":88},"12":{"name":"(anonymous_12)","decl":{"start":{"line":91,"column":42},"end":{"line":91,"column":43}},"loc":{"start":{"line":91,"column":48},"end":{"line":96,"column":7}},"line":91},"13":{"name":"(anonymous_13)","decl":{"start":{"line":100,"column":2},"end":{"line":100,"column":3}},"loc":{"start":{"line":100,"column":31},"end":{"line":120,"column":3}},"line":100},"14":{"name":"(anonymous_14)","decl":{"start":{"line":102,"column":70},"end":{"line":102,"column":71}},"loc":{"start":{"line":102,"column":76},"end":{"line":118,"column":7}},"line":102},"15":{"name":"(anonymous_15)","decl":{"start":{"line":122,"column":2},"end":{"line":122,"column":3}},"loc":{"start":{"line":122,"column":19},"end":{"line":135,"column":3}},"line":122},"16":{"name":"(anonymous_16)","decl":{"start":{"line":123,"column":64},"end":{"line":123,"column":65}},"loc":{"start":{"line":123,"column":70},"end":{"line":134,"column":5}},"line":123},"17":{"name":"(anonymous_17)","decl":{"start":{"line":124,"column":40},"end":{"line":124,"column":41}},"loc":{"start":{"line":124,"column":51},"end":{"line":124,"column":76}},"line":124}},"branchMap":{"0":{"loc":{"start":{"line":7,"column":4},"end":{"line":9,"column":5}},"type":"if","locations":[{"start":{"line":7,"column":4},"end":{"line":9,"column":5}},{"start":{},"end":{}}],"line":7},"1":{"loc":{"start":{"line":103,"column":8},"end":{"line":117,"column":9}},"type":"if","locations":[{"start":{"line":103,"column":8},"end":{"line":117,"column":9}},{"start":{"line":110,"column":15},"end":{"line":117,"column":9}}],"line":103},"2":{"loc":{"start":{"line":110,"column":15},"end":{"line":117,"column":9}},"type":"if","locations":[{"start":{"line":110,"column":15},"end":{"line":117,"column":9}},{"start":{},"end":{}}],"line":110}},"s":{"0":2,"1":5,"2":5,"3":3,"4":3,"5":1,"6":1,"7":1,"8":1,"9":2,"10":2,"11":5,"12":5,"13":5,"14":5,"15":5,"16":5,"17":5,"18":5,"19":5,"20":5,"21":5,"22":5,"23":5,"24":5,"25":5,"26":5,"27":5,"28":5,"29":5,"30":5,"31":5,"32":5,"33":5,"34":5,"35":5,"36":5,"37":0,"38":0,"39":0,"40":0,"41":0,"42":0,"43":0,"44":0,"45":0,"46":0,"47":0,"48":0,"49":3,"50":3,"51":3,"52":3,"53":3,"54":3,"55":3,"56":3,"57":3,"58":3,"59":3,"60":3,"61":3,"62":0,"63":0,"64":0,"65":0,"66":0,"67":0,"68":0,"69":0,"70":0,"71":0,"72":0,"73":0,"74":0,"75":0,"76":0,"77":0,"78":0,"79":0,"80":0,"81":0,"82":0,"83":0,"84":0,"85":0,"86":0,"87":0,"88":0,"89":0,"90":0,"91":0,"92":0,"93":0,"94":0,"95":0,"96":0,"97":0,"98":0,"99":0},"f":{"0":2,"1":5,"2":3,"3":2,"4":0,"5":0,"6":0,"7":0,"8":3,"9":3,"10":3,"11":0,"12":0,"13":0,"14":0,"15":0,"16":0,"17":0},"b":{"0":[5,0],"1":[0,0],"2":[0,0]},"_coverageSchema":"1a1c01bbd47fc00a2c39e90264f33305004495a9","hash":"c2bcffe910e68ed2b8345717362fccfab9aa5ca9"}
}
